C51 COMPILER V9.57.0.0   LED                                                               06/22/2019 01:33:06 PAGE 1   


C51 COMPILER V9.57.0.0, COMPILATION OF MODULE LED
OBJECT MODULE PLACED IN .\Objects\led.obj
COMPILER INVOKED BY: D:\gongju\Keil_v5\C51\BIN\C51.EXE led.c OPTIMIZE(8,SPEED) BROWSE DEBUG OBJECTEXTEND PRINT(.\Listing
                    -s\led.lst) TABS(2) OBJECT(.\Objects\led.obj)

line level    source

   1          // __author__ = skywoodsz
   2          
   3          #include <reg52.h>
   4          #include <intrins.h>
   5          #define u8 unsigned char
   6          #define LED_LIUSHUI 1
   7          #define LED_BINGUP 1
   8          #define LED_FENG 1
   9          #define TIME 2
  10          
  11          u8 time_cout = 0;
  12          u8 led_bing = 0;
  13          u8 flag = 0,flag_rev = 0;
  14          
  15          void Time_Init()
  16          {
  17   1          
  18   1          TMOD=0X01;//选择工作方式1，16位定时器
  19   1          TH0=(65535-10000)/256; // 1e4us 1s = 10e6 us
  20   1          TL0=(65535-10000)%256;
  21   1          ET0=1;//允许定时器T0
  22   1          EA=1;//开总中断
  23   1          TR0=1;//打开16位定时器
  24   1      }
  25          
  26          int main()
  27          {
  28   1        P2 = 0xfe; // 1111 1110
  29   1        Time_Init();
  30   1        while(1)
  31   1        {
  32   2          ;
  33   2        }
  34   1        return 0;
  35   1      }
  36          
  37          void time1() interrupt 1
  38          {
  39   1        TH0=(65535-10000)/256;
  40   1        TL0=(65535-10000)%256;
  41   1        time_cout++;
  42   1        if(time_cout >= TIME * 10 - 1) // Time s 执行一次
  43   1        {
  44   2          time_cout = 0;
  45   2          if(flag == 0) //mode 1 流水灯
  46   2          {
  47   3            if(flag_rev == 0)
  48   3            {
  49   4              P2 = (P2 << 1) | 1;
  50   4              if(P2 == 0x7f) //0111 1111
  51   4              {
  52   5                //P2 = 0xfe;
  53   5                flag_rev = 1;
  54   5                led_bing++;
C51 COMPILER V9.57.0.0   LED                                                               06/22/2019 01:33:06 PAGE 2   

  55   5              }
  56   4            }
  57   3            else
  58   3            {
  59   4              P2 = (P2 >> 1) | 0x80; // 1000 0000 左右移都补0
  60   4              if(P2 == 0xfe)
  61   4              {
  62   5                flag_rev = 0;
  63   5                led_bing++;
  64   5              }
  65   4            }
  66   3            if(led_bing >= 2 * LED_LIUSHUI) //循环流水 LED_LIUSHUI 次
  67   3            {
  68   4              flag = 1;
  69   4              led_bing = 0;
  70   4              flag_rev = 0;
  71   4            }
  72   3          }
  73   2          else if(flag == 1) //mode2 亮灭
  74   2          {
  75   3            if(led_bing == 0)
  76   3            {
  77   4              P2 = 0xff; // 1111 1111
  78   4              led_bing++;
  79   4            }
  80   3            else
  81   3            {
  82   4              P2 = ~P2;
  83   4              led_bing++;
  84   4              if(led_bing >= 2 * LED_BINGUP) // 亮灭LED_BINGUP次
  85   4              {
  86   5                flag = 2;
  87   5                led_bing = 0;
  88   5              }
  89   4            }
  90   3            
  91   3          }
  92   2          else if(flag == 2) //mode3 双向流水灯
  93   2          {
  94   3            if(led_bing == 0)
  95   3            {
  96   4              led_bing++;
  97   4              P2 = 0X7e; // 0111 1110
  98   4            }
  99   3            else
 100   3            {
 101   4              /*
 102   4              * 对高四位与低四位截断，分别流水后合并
 103   4              */
 104   4              if(flag_rev == 0)
 105   4              {
 106   5                P2 = ((((P2>>1)|0x80)/16)<<4) | (((P2<<1)|1)%16); //单目运算优于双目运算
 107   5                if(P2 == 0xe7)
 108   5                {
 109   6                  flag_rev = 1;
 110   6                  led_bing++;
 111   6                }
 112   5              }
 113   4              else
 114   4              {
 115   5                P2 = ((((P2<<1)|0x10)/16)<<4) | (((P2>>1)|0x08)%16);
 116   5                if(P2 == 0X7e)
C51 COMPILER V9.57.0.0   LED                                                               06/22/2019 01:33:06 PAGE 3   

 117   5                {
 118   6                  flag_rev = 0;
 119   6                  led_bing++;
 120   6                }
 121   5              }
 122   4              if(led_bing > 2 * LED_FENG) // 双向流水 LED_FENG 次
 123   4              {
 124   5                flag = 3;
 125   5              }
 126   4            }
 127   3          }
 128   2          if(flah = 3) //mode3 霹雳灯
*** ERROR C202 IN LINE 128 OF led.c: 'flah': undefined identifier
 129   2          {
 130   3            ;
 131   3          }
 132   2        }
 133   1      } 

C51 COMPILATION COMPLETE.  0 WARNING(S),  1 ERROR(S)
